{"/Users/jnicklas/Desktop/request-registry/core/src/index.ts": {"path":"/Users/jnicklas/Desktop/request-registry/core/src/index.ts","statementMap":{"0":{"start":{"line":2,"column":0},"end":{"line":2,"column":null}},"1":{"start":{"line":9,"column":0},"end":{"line":9,"column":9}},"2":{"start":{"line":9,"column":9},"end":{"line":9,"column":51}},"3":{"start":{"line":112,"column":2},"end":{"line":112,"column":79}},"4":{"start":{"line":109,"column":0},"end":{"line":109,"column":16}},"5":{"start":{"line":163,"column":2},"end":{"line":166,"column":51}},"6":{"start":{"line":160,"column":0},"end":{"line":160,"column":16}},"7":{"start":{"line":217,"column":2},"end":{"line":220,"column":50}},"8":{"start":{"line":214,"column":0},"end":{"line":214,"column":16}},"9":{"start":{"line":273,"column":2},"end":{"line":276,"column":46}},"10":{"start":{"line":270,"column":0},"end":{"line":270,"column":16}}},"fnMap":{"0":{"name":"createGetEndpoint","decl":{"start":{"line":109,"column":16},"end":{"line":109,"column":33}},"loc":{"start":{"line":110,"column":45},"end":{"line":113,"column":1}}},"1":{"name":"createPostEndpoint","decl":{"start":{"line":160,"column":16},"end":{"line":160,"column":34}},"loc":{"start":{"line":161,"column":53},"end":{"line":167,"column":1}}},"2":{"name":"createPutEndpoint","decl":{"start":{"line":214,"column":16},"end":{"line":214,"column":33}},"loc":{"start":{"line":215,"column":52},"end":{"line":221,"column":1}}},"3":{"name":"createDeleteEndpoint","decl":{"start":{"line":270,"column":16},"end":{"line":270,"column":36}},"loc":{"start":{"line":271,"column":48},"end":{"line":277,"column":1}}}},"branchMap":{},"s":{"0":1,"1":1,"2":1,"3":0,"4":1,"5":1,"6":1,"7":0,"8":1,"9":0,"10":1},"f":{"0":0,"1":1,"2":0,"3":0},"b":{}}
,"/Users/jnicklas/Desktop/request-registry/core/src/lib/CacheStore.ts": {"path":"/Users/jnicklas/Desktop/request-registry/core/src/lib/CacheStore.ts","statementMap":{"0":{"start":{"line":5,"column":0},"end":{"line":5,"column":36}},"1":{"start":{"line":101,"column":29},"end":{"line":101,"column":null}},"2":{"start":{"line":110,"column":32},"end":{"line":110,"column":79}},"3":{"start":{"line":111,"column":18},"end":{"line":111,"column":null}},"4":{"start":{"line":115,"column":25},"end":{"line":116,"column":15}},"5":{"start":{"line":116,"column":4},"end":{"line":119,"column":6}},"6":{"start":{"line":138,"column":6},"end":{"line":181,"column":4}},"7":{"start":{"line":142,"column":36},"end":{"line":142,"column":66}},"8":{"start":{"line":143,"column":6},"end":{"line":147,"column":null}},"9":{"start":{"line":144,"column":8},"end":{"line":144,"column":51}},"10":{"start":{"line":145,"column":8},"end":{"line":145,"column":22}},"11":{"start":{"line":146,"column":8},"end":{"line":146,"column":78}},"12":{"start":{"line":148,"column":6},"end":{"line":148,"column":33}},"13":{"start":{"line":150,"column":30},"end":{"line":150,"column":79}},"14":{"start":{"line":152,"column":6},"end":{"line":152,"column":57}},"15":{"start":{"line":161,"column":23},"end":{"line":161,"column":43}},"16":{"start":{"line":162,"column":23},"end":{"line":162,"column":71}},"17":{"start":{"line":163,"column":6},"end":{"line":163,"column":23}},"18":{"start":{"line":164,"column":6},"end":{"line":164,"column":37}},"19":{"start":{"line":165,"column":6},"end":{"line":165,"column":49}},"20":{"start":{"line":166,"column":21},"end":{"line":166,"column":26}},"21":{"start":{"line":169,"column":6},"end":{"line":179,"column":8}},"22":{"start":{"line":170,"column":25},"end":{"line":170,"column":57}},"23":{"start":{"line":173,"column":8},"end":{"line":178,"column":null}},"24":{"start":{"line":174,"column":10},"end":{"line":174,"column":26}},"25":{"start":{"line":175,"column":10},"end":{"line":177,"column":38}},"26":{"start":{"line":176,"column":12},"end":{"line":176,"column":35}},"27":{"start":{"line":182,"column":2},"end":{"line":182,"column":26}},"28":{"start":{"line":90,"column":0},"end":{"line":90,"column":16}},"29":{"start":{"line":192,"column":2},"end":{"line":192,"column":48}},"30":{"start":{"line":188,"column":0},"end":{"line":188,"column":16}},"31":{"start":{"line":202,"column":14},"end":{"line":202,"column":31}},"32":{"start":{"line":203,"column":2},"end":{"line":203,"column":39}},"33":{"start":{"line":198,"column":0},"end":{"line":198,"column":16}},"34":{"start":{"line":217,"column":17},"end":{"line":217,"column":19}},"35":{"start":{"line":218,"column":45},"end":{"line":218,"column":47}},"36":{"start":{"line":219,"column":2},"end":{"line":228,"column":5}},"37":{"start":{"line":221,"column":6},"end":{"line":221,"column":31}},"38":{"start":{"line":223,"column":6},"end":{"line":225,"column":26}},"39":{"start":{"line":226,"column":4},"end":{"line":226,"column":39}},"40":{"start":{"line":227,"column":4},"end":{"line":227,"column":42}},"41":{"start":{"line":229,"column":2},"end":{"line":232,"column":4}},"42":{"start":{"line":209,"column":0},"end":{"line":209,"column":16}}},"fnMap":{"0":{"name":"createCacheStore","decl":{"start":{"line":90,"column":16},"end":{"line":90,"column":32}},"loc":{"start":{"line":98,"column":27},"end":{"line":183,"column":1}}},"1":{"name":"(anonymous_1)","decl":{"start":{"line":115,"column":25},"end":{"line":115,"column":26}},"loc":{"start":{"line":115,"column":37},"end":{"line":116,"column":15}}},"2":{"name":"(anonymous_2)","decl":{"start":{"line":141,"column":16},"end":{"line":141,"column":null}},"loc":{"start":{"line":141,"column":16},"end":{"line":149,"column":5}}},"3":{"name":"(anonymous_3)","decl":{"start":{"line":150,"column":9},"end":{"line":150,"column":10}},"loc":{"start":{"line":150,"column":25},"end":{"line":150,"column":37}}},"4":{"name":"(anonymous_4)","decl":{"start":{"line":151,"column":10},"end":{"line":151,"column":11}},"loc":{"start":{"line":151,"column":26},"end":{"line":152,"column":13}}},"5":{"name":"(anonymous_5)","decl":{"start":{"line":160,"column":17},"end":{"line":160,"column":18}},"loc":{"start":{"line":160,"column":47},"end":{"line":180,"column":5}}},"6":{"name":"(anonymous_6)","decl":{"start":{"line":169,"column":13},"end":{"line":169,"column":null}},"loc":{"start":{"line":169,"column":13},"end":{"line":179,"column":7}}},"7":{"name":"(anonymous_7)","decl":{"start":{"line":175,"column":40},"end":{"line":175,"column":null}},"loc":{"start":{"line":175,"column":40},"end":{"line":177,"column":11}}},"8":{"name":"getCacheKey","decl":{"start":{"line":188,"column":16},"end":{"line":188,"column":27}},"loc":{"start":{"line":190,"column":45},"end":{"line":193,"column":1}}},"9":{"name":"getUrl","decl":{"start":{"line":198,"column":16},"end":{"line":198,"column":22}},"loc":{"start":{"line":200,"column":38},"end":{"line":204,"column":1}}},"10":{"name":"getHeaders","decl":{"start":{"line":209,"column":16},"end":{"line":209,"column":26}},"loc":{"start":{"line":215,"column":34},"end":{"line":233,"column":1}}},"11":{"name":"(anonymous_11)","decl":{"start":{"line":219,"column":21},"end":{"line":219,"column":30}},"loc":{"start":{"line":219,"column":30},"end":{"line":228,"column":3}}}},"branchMap":{"0":{"loc":{"start":{"line":110,"column":32},"end":{"line":110,"column":40}},"type":"binary-expr","locations":[{"start":{"line":110,"column":32},"end":{"line":110,"column":40}},{"start":{"line":110,"column":44},"end":{"line":110,"column":79}}]},"1":{"loc":{"start":{"line":143,"column":6},"end":{"line":147,"column":null}},"type":"if","locations":[{"start":{"line":143,"column":6},"end":{"line":147,"column":null}},{"start":{"line":143,"column":6},"end":{"line":147,"column":null}}]},"2":{"loc":{"start":{"line":162,"column":23},"end":{"line":162,"column":55}},"type":"binary-expr","locations":[{"start":{"line":162,"column":23},"end":{"line":162,"column":55}},{"start":{"line":162,"column":59},"end":{"line":162,"column":71}}]},"3":{"loc":{"start":{"line":173,"column":8},"end":{"line":178,"column":null}},"type":"if","locations":[{"start":{"line":173,"column":8},"end":{"line":178,"column":null}},{"start":{"line":173,"column":8},"end":{"line":178,"column":null}}]},"4":{"loc":{"start":{"line":173,"column":12},"end":{"line":173,"column":21}},"type":"binary-expr","locations":[{"start":{"line":173,"column":12},"end":{"line":173,"column":21}},{"start":{"line":173,"column":25},"end":{"line":173,"column":33}},{"start":{"line":173,"column":37},"end":{"line":173,"column":58}}]},"5":{"loc":{"start":{"line":177,"column":13},"end":{"line":177,"column":20}},"type":"binary-expr","locations":[{"start":{"line":177,"column":13},"end":{"line":177,"column":20}},{"start":{"line":177,"column":24},"end":{"line":177,"column":29}}]},"6":{"loc":{"start":{"line":224,"column":10},"end":{"line":224,"column":32}},"type":"cond-expr","locations":[{"start":{"line":224,"column":10},"end":{"line":224,"column":32}},{"start":{"line":225,"column":10},"end":{"line":225,"column":26}}]}},"s":{"0":1,"1":0,"2":0,"3":0,"4":0,"5":0,"6":0,"7":0,"8":0,"9":0,"10":0,"11":0,"12":0,"13":0,"14":0,"15":0,"16":0,"17":0,"18":0,"19":0,"20":0,"21":0,"22":0,"23":0,"24":0,"25":0,"26":0,"27":0,"28":1,"29":0,"30":1,"31":1,"32":1,"33":1,"34":1,"35":1,"36":1,"37":0,"38":0,"39":0,"40":0,"41":1,"42":1},"f":{"0":0,"1":0,"2":0,"3":0,"4":0,"5":0,"6":0,"7":0,"8":0,"9":1,"10":1,"11":0},"b":{"0":[0,0],"1":[0,0],"2":[0,0],"3":[0,0],"4":[0,0,0],"5":[0,0],"6":[0,0]}}
,"/Users/jnicklas/Desktop/request-registry/core/src/lib/Endpoint.ts": {"path":"/Users/jnicklas/Desktop/request-registry/core/src/lib/Endpoint.ts","statementMap":{"0":{"start":{"line":1,"column":0},"end":{"line":1,"column":47}},"1":{"start":{"line":2,"column":0},"end":{"line":2,"column":null}},"2":{"start":{"line":97,"column":2},"end":{"line":123,"column":46}},"3":{"start":{"line":104,"column":31},"end":{"line":109,"column":null}},"4":{"start":{"line":111,"column":30},"end":{"line":120,"column":61}},"5":{"start":{"line":113,"column":8},"end":{"line":117,"column":null}},"6":{"start":{"line":114,"column":10},"end":{"line":116,"column":12}},"7":{"start":{"line":118,"column":8},"end":{"line":118,"column":39}},"8":{"start":{"line":120,"column":22},"end":{"line":120,"column":61}},"9":{"start":{"line":122,"column":4},"end":{"line":122,"column":29}},"10":{"start":{"line":139,"column":5},"end":{"line":140,"column":33}},"11":{"start":{"line":142,"column":25},"end":{"line":142,"column":46}},"12":{"start":{"line":143,"column":57},"end":{"line":144,"column":null}},"13":{"start":{"line":148,"column":4},"end":{"line":154,"column":17}},"14":{"start":{"line":155,"column":25},"end":{"line":155,"column":78}},"15":{"start":{"line":159,"column":14},"end":{"line":206,"column":null}},"16":{"start":{"line":161,"column":18},"end":{"line":161,"column":43}},"17":{"start":{"line":162,"column":22},"end":{"line":162,"column":66}},"18":{"start":{"line":166,"column":6},"end":{"line":178,"column":null}},"19":{"start":{"line":167,"column":8},"end":{"line":167,"column":35}},"20":{"start":{"line":168,"column":8},"end":{"line":168,"column":45}},"21":{"start":{"line":171,"column":10},"end":{"line":171,"column":64}},"22":{"start":{"line":172,"column":8},"end":{"line":177,"column":null}},"23":{"start":{"line":173,"column":38},"end":{"line":173,"column":58}},"24":{"start":{"line":174,"column":10},"end":{"line":176,"column":null}},"25":{"start":{"line":175,"column":12},"end":{"line":175,"column":39}},"26":{"start":{"line":180,"column":32},"end":{"line":184,"column":null}},"27":{"start":{"line":187,"column":6},"end":{"line":192,"column":null}},"28":{"start":{"line":188,"column":8},"end":{"line":188,"column":47}},"29":{"start":{"line":189,"column":8},"end":{"line":191,"column":null}},"30":{"start":{"line":190,"column":10},"end":{"line":190,"column":41}},"31":{"start":{"line":194,"column":6},"end":{"line":200,"column":39}},"32":{"start":{"line":197,"column":12},"end":{"line":197,"column":null}},"33":{"start":{"line":198,"column":19},"end":{"line":198,"column":null}},"34":{"start":{"line":200,"column":20},"end":{"line":200,"column":38}},"35":{"start":{"line":208,"column":2},"end":{"line":208,"column":13}},"36":{"start":{"line":126,"column":0},"end":{"line":126,"column":16}}},"fnMap":{"0":{"name":"createLoader","decl":{"start":{"line":93,"column":9},"end":{"line":93,"column":21}},"loc":{"start":{"line":95,"column":43},"end":{"line":124,"column":1}}},"1":{"name":"(anonymous_1)","decl":{"start":{"line":97,"column":10},"end":{"line":97,"column":null}},"loc":{"start":{"line":101,"column":15},"end":{"line":123,"column":3}}},"2":{"name":"(anonymous_2)","decl":{"start":{"line":112,"column":12},"end":{"line":112,"column":20}},"loc":{"start":{"line":112,"column":20},"end":{"line":119,"column":7}}},"3":{"name":"(anonymous_3)","decl":{"start":{"line":120,"column":12},"end":{"line":120,"column":18}},"loc":{"start":{"line":120,"column":18},"end":{"line":120,"column":26}}},"4":{"name":"createEndpoint","decl":{"start":{"line":126,"column":16},"end":{"line":126,"column":30}},"loc":{"start":{"line":136,"column":51},"end":{"line":209,"column":1}}},"5":{"name":"transmitFunction","decl":{"start":{"line":160,"column":13},"end":{"line":160,"column":29}},"loc":{"start":{"line":160,"column":55},"end":{"line":201,"column":5}}},"6":{"name":"(anonymous_6)","decl":{"start":{"line":196,"column":10},"end":{"line":196,"column":20}},"loc":{"start":{"line":196,"column":20},"end":{"line":197,"column":19}}},"7":{"name":"(anonymous_7)","decl":{"start":{"line":198,"column":10},"end":{"line":198,"column":15}},"loc":{"start":{"line":198,"column":15},"end":{"line":198,"column":26}}},"8":{"name":"(anonymous_8)","decl":{"start":{"line":200,"column":14},"end":{"line":200,"column":20}},"loc":{"start":{"line":200,"column":14},"end":{"line":200,"column":37}}}},"branchMap":{"0":{"loc":{"start":{"line":113,"column":8},"end":{"line":117,"column":null}},"type":"if","locations":[{"start":{"line":113,"column":8},"end":{"line":117,"column":null}},{"start":{"line":113,"column":8},"end":{"line":117,"column":null}}]},"1":{"loc":{"start":{"line":139,"column":5},"end":{"line":139,"column":73}},"type":"binary-expr","locations":[{"start":{"line":139,"column":5},"end":{"line":139,"column":73}},{"start":{"line":140,"column":4},"end":{"line":140,"column":33}}]},"2":{"loc":{"start":{"line":142,"column":25},"end":{"line":142,"column":40}},"type":"binary-expr","locations":[{"start":{"line":142,"column":25},"end":{"line":142,"column":40}},{"start":{"line":142,"column":44},"end":{"line":142,"column":46}}]},"3":{"loc":{"start":{"line":149,"column":8},"end":{"line":152,"column":null}},"type":"cond-expr","locations":[{"start":{"line":149,"column":8},"end":{"line":152,"column":null}},{"start":{"line":154,"column":8},"end":{"line":154,"column":17}}]},"4":{"loc":{"start":{"line":155,"column":25},"end":{"line":155,"column":52}},"type":"binary-expr","locations":[{"start":{"line":155,"column":25},"end":{"line":155,"column":52}},{"start":{"line":155,"column":56},"end":{"line":155,"column":78}}]},"5":{"loc":{"start":{"line":166,"column":6},"end":{"line":178,"column":null}},"type":"if","locations":[{"start":{"line":166,"column":6},"end":{"line":178,"column":null}},{"start":{"line":166,"column":6},"end":{"line":178,"column":null}}]},"6":{"loc":{"start":{"line":171,"column":10},"end":{"line":171,"column":24}},"type":"binary-expr","locations":[{"start":{"line":171,"column":10},"end":{"line":171,"column":24}},{"start":{"line":171,"column":28},"end":{"line":171,"column":64}}]},"7":{"loc":{"start":{"line":172,"column":8},"end":{"line":177,"column":null}},"type":"if","locations":[{"start":{"line":172,"column":8},"end":{"line":177,"column":null}},{"start":{"line":172,"column":8},"end":{"line":177,"column":null}}]},"8":{"loc":{"start":{"line":172,"column":12},"end":{"line":172,"column":20}},"type":"binary-expr","locations":[{"start":{"line":172,"column":12},"end":{"line":172,"column":20}},{"start":{"line":172,"column":24},"end":{"line":172,"column":34}}]},"9":{"loc":{"start":{"line":174,"column":10},"end":{"line":176,"column":null}},"type":"if","locations":[{"start":{"line":174,"column":10},"end":{"line":176,"column":null}},{"start":{"line":174,"column":10},"end":{"line":176,"column":null}}]},"10":{"loc":{"start":{"line":187,"column":6},"end":{"line":192,"column":null}},"type":"if","locations":[{"start":{"line":187,"column":6},"end":{"line":192,"column":null}},{"start":{"line":187,"column":6},"end":{"line":192,"column":null}}]},"11":{"loc":{"start":{"line":187,"column":10},"end":{"line":187,"column":18}},"type":"binary-expr","locations":[{"start":{"line":187,"column":10},"end":{"line":187,"column":18}},{"start":{"line":187,"column":22},"end":{"line":187,"column":27}}]},"12":{"loc":{"start":{"line":189,"column":8},"end":{"line":191,"column":null}},"type":"if","locations":[{"start":{"line":189,"column":8},"end":{"line":191,"column":null}},{"start":{"line":189,"column":8},"end":{"line":191,"column":null}}]},"13":{"loc":{"start":{"line":197,"column":12},"end":{"line":197,"column":32}},"type":"binary-expr","locations":[{"start":{"line":197,"column":12},"end":{"line":197,"column":32}},{"start":{"line":197,"column":36},"end":{"line":197,"column":68}}]},"14":{"loc":{"start":{"line":198,"column":19},"end":{"line":198,"column":37}},"type":"binary-expr","locations":[{"start":{"line":198,"column":19},"end":{"line":198,"column":37}},{"start":{"line":198,"column":41},"end":{"line":198,"column":66}}]}},"s":{"0":1,"1":1,"2":1,"3":0,"4":0,"5":0,"6":0,"7":0,"8":0,"9":0,"10":1,"11":1,"12":1,"13":1,"14":1,"15":1,"16":1,"17":1,"18":1,"19":0,"20":0,"21":0,"22":0,"23":0,"24":0,"25":0,"26":1,"27":1,"28":0,"29":0,"30":0,"31":1,"32":1,"33":0,"34":1,"35":1,"36":1},"f":{"0":1,"1":0,"2":0,"3":0,"4":1,"5":1,"6":1,"7":0,"8":1},"b":{"0":[0,0],"1":[1,1],"2":[1,1],"3":[0,1],"4":[1,0],"5":[0,1],"6":[0,0],"7":[0,0],"8":[0,0],"9":[0,0],"10":[0,1],"11":[1,0],"12":[0,0],"13":[1,0],"14":[0,0]}}
}
