TN:
SF:/Users/jnicklas/Desktop/request-registry/core/src/index.ts
FN:109,createGetEndpoint
FN:160,createPostEndpoint
FN:214,createPutEndpoint
FN:270,createDeleteEndpoint
FNF:4
FNH:1
FNDA:0,createGetEndpoint
FNDA:1,createPostEndpoint
FNDA:0,createPutEndpoint
FNDA:0,createDeleteEndpoint
DA:2,1
DA:9,1
DA:109,1
DA:112,0
DA:160,1
DA:163,1
DA:214,1
DA:217,0
DA:270,1
DA:273,0
LF:10
LH:7
BRF:0
BRH:0
end_of_record
TN:
SF:/Users/jnicklas/Desktop/request-registry/core/src/lib/CacheStore.ts
FN:90,createCacheStore
FN:115,(anonymous_1)
FN:141,(anonymous_2)
FN:150,(anonymous_3)
FN:151,(anonymous_4)
FN:160,(anonymous_5)
FN:169,(anonymous_6)
FN:175,(anonymous_7)
FN:188,getCacheKey
FN:198,getUrl
FN:209,getHeaders
FN:219,(anonymous_11)
FNF:12
FNH:2
FNDA:0,createCacheStore
FNDA:0,(anonymous_1)
FNDA:0,(anonymous_2)
FNDA:0,(anonymous_3)
FNDA:0,(anonymous_4)
FNDA:0,(anonymous_5)
FNDA:0,(anonymous_6)
FNDA:0,(anonymous_7)
FNDA:0,getCacheKey
FNDA:1,getUrl
FNDA:1,getHeaders
FNDA:0,(anonymous_11)
DA:5,1
DA:90,1
DA:101,0
DA:110,0
DA:111,0
DA:115,0
DA:116,0
DA:138,0
DA:142,0
DA:143,0
DA:144,0
DA:145,0
DA:146,0
DA:148,0
DA:150,0
DA:152,0
DA:161,0
DA:162,0
DA:163,0
DA:164,0
DA:165,0
DA:166,0
DA:169,0
DA:170,0
DA:173,0
DA:174,0
DA:175,0
DA:176,0
DA:182,0
DA:188,1
DA:192,0
DA:198,1
DA:202,1
DA:203,1
DA:209,1
DA:217,1
DA:218,1
DA:219,1
DA:221,0
DA:223,0
DA:226,0
DA:227,0
DA:229,1
LF:43
LH:11
BRDA:110,0,0,0
BRDA:110,0,1,0
BRDA:143,1,0,0
BRDA:143,1,1,0
BRDA:162,2,0,0
BRDA:162,2,1,0
BRDA:173,3,0,0
BRDA:173,3,1,0
BRDA:173,4,0,0
BRDA:173,4,1,0
BRDA:173,4,2,0
BRDA:177,5,0,0
BRDA:177,5,1,0
BRDA:224,6,0,0
BRDA:224,6,1,0
BRF:15
BRH:0
end_of_record
TN:
SF:/Users/jnicklas/Desktop/request-registry/core/src/lib/Endpoint.ts
FN:93,createLoader
FN:97,(anonymous_1)
FN:112,(anonymous_2)
FN:120,(anonymous_3)
FN:126,createEndpoint
FN:160,transmitFunction
FN:196,(anonymous_6)
FN:198,(anonymous_7)
FN:200,(anonymous_8)
FNF:9
FNH:5
FNDA:1,createLoader
FNDA:0,(anonymous_1)
FNDA:0,(anonymous_2)
FNDA:0,(anonymous_3)
FNDA:1,createEndpoint
FNDA:1,transmitFunction
FNDA:1,(anonymous_6)
FNDA:0,(anonymous_7)
FNDA:1,(anonymous_8)
DA:1,1
DA:2,1
DA:97,1
DA:104,0
DA:111,0
DA:113,0
DA:114,0
DA:118,0
DA:120,0
DA:122,0
DA:126,1
DA:139,1
DA:142,1
DA:143,1
DA:148,1
DA:155,1
DA:159,1
DA:161,1
DA:162,1
DA:166,1
DA:167,0
DA:168,0
DA:171,0
DA:172,0
DA:173,0
DA:174,0
DA:175,0
DA:180,1
DA:187,1
DA:188,0
DA:189,0
DA:190,0
DA:194,1
DA:197,1
DA:198,0
DA:200,1
DA:208,1
LF:37
LH:19
BRDA:113,0,0,0
BRDA:113,0,1,0
BRDA:139,1,0,1
BRDA:139,1,1,1
BRDA:142,2,0,1
BRDA:142,2,1,1
BRDA:149,3,0,0
BRDA:149,3,1,1
BRDA:155,4,0,1
BRDA:155,4,1,0
BRDA:166,5,0,0
BRDA:166,5,1,1
BRDA:171,6,0,0
BRDA:171,6,1,0
BRDA:172,7,0,0
BRDA:172,7,1,0
BRDA:172,8,0,0
BRDA:172,8,1,0
BRDA:174,9,0,0
BRDA:174,9,1,0
BRDA:187,10,0,0
BRDA:187,10,1,1
BRDA:187,11,0,1
BRDA:187,11,1,0
BRDA:189,12,0,0
BRDA:189,12,1,0
BRDA:197,13,0,1
BRDA:197,13,1,0
BRDA:198,14,0,0
BRDA:198,14,1,0
BRF:30
BRH:10
end_of_record
